<?xml version="1.0" encoding="UTF-8"?>
<!-- Generated by org.testng.reporters.JUnitReportReporter -->
<testsuite hostname="DESKTOP-R9SE3FM" failures="0" tests="1" name="testCases.TC002_LoginTest" time="1.378" errors="0" timestamp="2024-11-27T00:51:30 IST" skipped="0">
  <testcase classname="testCases.TC002_LoginTest" name="logIn" time="1.378"/>
</testsuite> <!-- testCases.TC002_LoginTest -->
