<?xml version="1.0" encoding="UTF-8"?>
<!-- Generated by org.testng.reporters.JUnitReportReporter -->
<testsuite hostname="DESKTOP-R9SE3FM" failures="0" tests="1" name="testCases.TC001_RegistrationTest" time="3.089" errors="0" timestamp="2024-11-27T02:21:12 IST" skipped="0">
  <testcase classname="testCases.TC001_RegistrationTest" name="registartion" time="3.089"/>
</testsuite> <!-- testCases.TC001_RegistrationTest -->
